Case #1:
0
0
0
0
1
Case #2:
0
3
0
0
1
0
2
0
0
0
0
Case #3:
0
0
0
0
0
0
0
0
Case #4:
1
1
0
0
0
0
0
4
2
0
0
Case #5:
2
1
3
1
0
0
2
0
1
1
2
1
3
0
2
Case #6:
0
2
0
0
0
0
0
0
Case #7:
0
0
1
0
0
0
Case #8:
0
0
1
1
2
2
0
4
0
1
0
5
1
0
0
Case #9:
1
0
1
0
0
4
2
5
1
0
0
4
1
0
0
Case #10:
1
0
0
0
1
0
0
0
0
Case #11:
1
0
0
1
0
0
0
1
0
Case #12:
0
0
0
0
0
Case #13:
0
0
0
3
2
0
0
1
1
0
1
0
Case #14:
0
0
0
0
0
0
0
0
0
0
0
0
0
0
Case #15:
0
0
0
0
0
0
1
0
0
4
0
0
0
Case #16:
0
2
0
5
0
1
1
0
2
0
4
0
0
2
Case #17:
1
1
0
0
0
0
Case #18:
0
2
1
0
1
0
2
2
0
1
0
3
0
1
1
Case #19:
0
0
0
0
0
0
Case #20:
1
0
0
0
0
0
0
0
0
Case #21:
0
0
4
0
1
0
0
4
0
1
3
1
1
1
0
Case #22:
1
0
1
2
3
2
0
1
0
0
1
1
0
Case #23:
0
0
0
0
0
0
0
0
Case #24:
0
0
Case #25:
0
1
0
4
0
3
0
3
1
0
2
0
2
1
2
Case #26:
0
1
0
0
Case #27:
0
0
0
0
0
Case #28:
0
0
2
4
3
1
1
0
0
2
0
0
1
0
0
Case #29:
0
0
1
0
0
0
Case #30:
0
0
0
0
0
0
Case #31:
2
5
1
1
1
3
2
0
2
0
1
0
0
1
0
Case #32:
0
0
0
0
Case #33:
0
2
1
0
2
2
0
1
1
0
0
3
1
1
0
Case #34:
0
0
0
1
0
0
Case #35:
0
0
0
0
0
0
0
Case #36:
0
0
Case #37:
1
0
1
3
0
1
2
0
1
0
0
0
4
0
2
Case #38:
0
0
0
0
0
0
0
0
0
0
0
Case #39:
1
1
0
2
1
2
0
0
1
1
1
4
5
2
0
Case #40:
0
0
0
0
0
0
0
0
0
0
Case #41:
0
0
1
1
2
2
0
0
0
Case #42:
1
0
0
0
0
0
Case #43:
0
0
Case #44:
0
0
0
0
0
0
0
0
0
0
0
0
0
0
0
Case #45:
2
3
1
4
0
2
5
0
0
0
3
0
0
0
0
Case #46:
0
0
0
0
0
Case #47:
0
Case #48:
0
1
1
1
1
1
0
0
0
0
2
2
1
1
2
Case #49:
0
0
0
0
0
0
0
Case #50:
0
0
0
1
3
1
2
0
1
0
1
2
0
0
2
Case #51:
2
0
0
2
1
2
0
0
0
0
0
2
4
5
4
Case #52:
0
Case #53:
0
1
0
1
0
0
0
0
0
2
Case #54:
0
Case #55:
2
4
2
1
2
0
0
1
0
0
0
2
0
0
0
Case #56:
3
2
1
1
1
0
1
0
0
2
1
2
1
0
0
Case #57:
0
0
0
Case #58:
0
0
0
3
2
3
0
0
2
0
0
0
0
1
3
Case #59:
4
1
3
2
4
0
1
0
1
2
0
0
1
3
0
Case #60:
0
1
5
1
0
1
1
0
1
0
0
0
1
1
5
Case #61:
0
0
0
1
0
0
0
2
Case #62:
0
Case #63:
0
0
0
0
0
0
0
0
0
0
Case #64:
0
0
0
0
Case #65:
0
2
1
0
2
0
1
3
0
0
3
0
1
Case #66:
0
0
1
1
0
0
Case #67:
0
0
0
0
0
2
3
0
0
1
Case #68:
0
0
1
0
0
0
2
0
0
0
3
0
1
Case #69:
0
0
0
0
0
0
0
0
0
0
Case #70:
0
0
0
0
0
Case #71:
0
0
0
2
0
0
0
0
0
Case #72:
0
4
1
0
0
1
1
4
0
0
0
0
0
5
0
Case #73:
0
1
4
1
1
4
0
1
1
0
1
0
0
2
0
Case #74:
0
0
0
0
0
0
0
0
0
0
Case #75:
1
2
0
1
0
0
0
0
0
0
1
Case #76:
4
0
0
3
3
0
1
2
1
0
0
2
0
0
4
Case #77:
0
0
0
0
0
4
0
3
2
3
1
1
0
5
2
Case #78:
0
0
0
0
0
0
0
0
0
0
0
0
0
0
0
Case #79:
0
0
0
0
0
Case #80:
0
0
0
0
0
0
0
0
0
0
0
0
0
Case #81:
0
0
0
0
0
0
0
0
0
0
0
Case #82:
0
0
0
0
0
3
2
0
1
0
2
0
3
5
0
Case #83:
1
0
0
0
1
0
Case #84:
0
0
0
0
Case #85:
0
0
0
0
0
0
0
0
0
0
0
0
Case #86:
0
0
0
0
Case #87:
1
0
0
0
0
2
0
0
1
0
Case #88:
0
1
0
1
2
1
2
0
3
3
3
0
0
0
2
Case #89:
0
0
0
0
0
0
0
0
0
0
0
0
Case #90:
0
0
Case #91:
0
0
0
0
0
0
0
0
Case #92:
0
0
0
2
0
3
5
2
0
0
3
0
2
0
1
Case #93:
0
0
0
0
0
0
0
0
0
0
0
0
0
0
0
Case #94:
0
1
1
0
0
1
0
1
2
0
Case #95:
0
0
0
0
Case #96:
0
1
1
0
0
0
Case #97:
0
0
0
0
0
0
0
0
Case #98:
0
0
0
0
1
1
Case #99:
0
3
0
1
1
0
0
1
3
0
3
0
0
1
0
Case #100:
0
0
0
1
5
0
0
1
0
1
3
1
0
0
5
